<?xml version="1.0" encoding="UTF-8"?>
<!-- Generated by org.testng.reporters.JUnitReportReporter -->
<testsuite skipped="0" hostname="DESKTOP-LFLVMEF" name="test.Test101" tests="1" failures="0" timestamp="2022-03-27T13:32:36 CDT" time="4.573" errors="0">
  <testcase name="test" time="4.573" classname="test.Test101"/>
  <system-out/>
</testsuite> <!-- test.Test101 -->
