<?xml version="1.0" encoding="UTF-8"?>
<!-- Generated by org.testng.reporters.JUnitReportReporter -->
<testsuite skipped="0" hostname="DESKTOP-LFLVMEF" name="test.MonthTest" tests="1" failures="0" timestamp="2022-03-27T13:34:02 CDT" time="3.746" errors="0">
  <testcase name="test" time="3.746" classname="test.MonthTest"/>
  <system-out/>
</testsuite> <!-- test.MonthTest -->
