<?xml version="1.0" encoding="UTF-8"?>
<!-- Generated by org.testng.reporters.JUnitReportReporter -->
<testsuite skipped="0" hostname="DESKTOP-LFLVMEF" name="test.DuplicateCategory" tests="1" failures="0" timestamp="2022-03-27T13:33:29 CDT" time="4.046" errors="0">
  <testcase name="test" time="4.046" classname="test.DuplicateCategory"/>
  <system-out/>
</testsuite> <!-- test.DuplicateCategory -->
